TN:
SF:D:\data from C drive\Documents\user-registration-web-app\src\polyfills.ts
FNF:0
FNH:0
LF:0
LH:0
BRF:0
BRH:0
end_of_record
TN:
SF:D:\data from C drive\Documents\user-registration-web-app\src\test.ts
FN:20,(anonymous_0)
FNF:1
FNH:1
FNDA:1,(anonymous_0)
DA:20,1
DA:23,1
DA:28,1
DA:36,1
DA:38,1
LF:5
LH:5
BRF:0
BRH:0
end_of_record
TN:
SF:D:\data from C drive\Documents\user-registration-web-app\src\app\app.component.ts
FN:13,(anonymous_0)
FNF:1
FNH:1
FNDA:2,(anonymous_0)
DA:13,1
DA:14,1
DA:15,1
LF:3
LH:3
BRF:0
BRH:0
end_of_record
TN:
SF:D:\data from C drive\Documents\user-registration-web-app\src\app\entity\appParticipant.ts
FN:1,(anonymous_0)
FNF:1
FNH:1
FNDA:3,(anonymous_0)
DA:1,1
DA:5,2
DA:6,1
LF:3
LH:3
BRF:0
BRH:0
end_of_record
TN:
SF:D:\data from C drive\Documents\user-registration-web-app\src\app\entity\location.ts
FN:1,(anonymous_0)
FNF:1
FNH:1
FNDA:4,(anonymous_0)
DA:1,1
DA:12,3
DA:15,1
LF:3
LH:3
BRF:0
BRH:0
end_of_record
TN:
SF:D:\data from C drive\Documents\user-registration-web-app\src\app\entity\participantDetail.ts
FN:1,(anonymous_0)
FNF:1
FNH:1
FNDA:3,(anonymous_0)
DA:1,1
DA:24,2
DA:26,2
DA:27,1
LF:4
LH:4
BRF:0
BRH:0
end_of_record
TN:
SF:D:\data from C drive\Documents\user-registration-web-app\src\app\entity\studyParticipant.ts
FN:1,(anonymous_0)
FNF:1
FNH:1
FNDA:2,(anonymous_0)
DA:1,1
DA:20,1
DA:22,1
DA:24,1
DA:25,1
LF:5
LH:5
BRF:0
BRH:0
end_of_record
TN:
SF:D:\data from C drive\Documents\user-registration-web-app\src\app\entity\user.ts
FN:1,(anonymous_0)
FNF:1
FNH:1
FNDA:4,(anonymous_0)
DA:1,1
DA:36,3
DA:37,1
LF:3
LH:3
BRF:0
BRH:0
end_of_record
TN:
SF:D:\data from C drive\Documents\user-registration-web-app\src\app\mocks\user.service.mock.ts
FN:4,getTestLocation
FNF:1
FNH:0
FNDA:0,getTestLocation
DA:5,0
LF:1
LH:0
BRF:0
BRH:0
end_of_record
TN:
SF:D:\data from C drive\Documents\user-registration-web-app\src\app\service\dataService.ts
FN:31,(anonymous_0)
FN:39,DataService
FN:46,(anonymous_2)
FN:71,(anonymous_3)
FN:85,(anonymous_4)
FN:91,(anonymous_5)
FN:112,(anonymous_6)
FN:114,(anonymous_7)
FN:127,(anonymous_8)
FN:132,(anonymous_9)
FN:144,(anonymous_10)
FN:146,(anonymous_11)
FN:157,(anonymous_12)
FN:162,(anonymous_13)
FN:187,(anonymous_14)
FN:189,(anonymous_15)
FN:200,(anonymous_16)
FN:206,(anonymous_17)
FN:221,(anonymous_18)
FN:233,(anonymous_19)
FN:235,(anonymous_20)
FN:246,(anonymous_21)
FN:251,(anonymous_22)
FN:276,(anonymous_23)
FN:290,(anonymous_24)
FNF:25
FNH:5
FNDA:1,(anonymous_0)
FNDA:20,DataService
FNDA:0,(anonymous_2)
FNDA:0,(anonymous_3)
FNDA:0,(anonymous_4)
FNDA:14,(anonymous_5)
FNDA:9,(anonymous_6)
FNDA:0,(anonymous_7)
FNDA:9,(anonymous_8)
FNDA:0,(anonymous_9)
FNDA:0,(anonymous_10)
FNDA:0,(anonymous_11)
FNDA:0,(anonymous_12)
FNDA:0,(anonymous_13)
FNDA:0,(anonymous_14)
FNDA:0,(anonymous_15)
FNDA:0,(anonymous_16)
FNDA:0,(anonymous_17)
FNDA:0,(anonymous_18)
FNDA:0,(anonymous_19)
FNDA:0,(anonymous_20)
FNDA:0,(anonymous_21)
FNDA:0,(anonymous_22)
FNDA:0,(anonymous_23)
FNDA:0,(anonymous_24)
DA:15,1
DA:25,1
DA:31,1
DA:35,20
DA:37,20
DA:40,20
DA:41,20
DA:42,20
DA:43,20
DA:46,1
DA:51,0
DA:52,0
DA:53,0
DA:54,0
DA:61,0
DA:62,0
DA:63,0
DA:64,0
DA:65,0
DA:66,0
DA:70,0
DA:72,0
DA:79,0
DA:80,0
DA:83,0
DA:86,0
DA:91,14
DA:92,14
DA:93,14
DA:94,14
DA:95,14
DA:102,14
DA:103,14
DA:104,14
DA:105,14
DA:106,15
DA:107,15
DA:111,14
DA:113,9
DA:114,9
DA:115,0
DA:117,0
DA:118,0
DA:121,0
DA:122,0
DA:125,9
DA:128,9
DA:132,1
DA:133,0
DA:134,0
DA:135,0
DA:136,0
DA:143,0
DA:145,0
DA:146,0
DA:147,0
DA:148,0
DA:151,0
DA:152,0
DA:155,0
DA:158,0
DA:162,1
DA:167,0
DA:168,0
DA:169,0
DA:170,0
DA:177,0
DA:178,0
DA:179,0
DA:180,0
DA:181,0
DA:182,0
DA:186,0
DA:188,0
DA:189,0
DA:190,0
DA:191,0
DA:194,0
DA:195,0
DA:196,0
DA:198,0
DA:201,0
DA:206,1
DA:207,0
DA:209,0
DA:213,0
DA:218,0
DA:221,1
DA:222,0
DA:223,0
DA:224,0
DA:232,0
DA:234,0
DA:235,0
DA:236,0
DA:237,0
DA:240,0
DA:241,0
DA:242,0
DA:244,0
DA:247,0
DA:251,1
DA:256,0
DA:257,0
DA:258,0
DA:259,0
DA:266,0
DA:267,0
DA:268,0
DA:269,0
DA:270,0
DA:271,0
DA:275,0
DA:277,0
DA:284,0
DA:285,0
DA:286,0
DA:288,0
DA:291,0
DA:295,1
LF:120
LH:32
BRDA:61,0,0,0
BRDA:61,0,1,0
BRDA:61,1,0,0
BRDA:61,1,1,0
BRDA:61,1,2,0
BRDA:63,2,0,0
BRDA:63,2,1,0
BRDA:72,3,0,0
BRDA:72,3,1,0
BRDA:79,4,0,0
BRDA:79,4,1,0
BRDA:102,5,0,14
BRDA:102,5,1,0
BRDA:102,6,0,14
BRDA:102,6,1,14
BRDA:102,6,2,14
BRDA:104,7,0,14
BRDA:104,7,1,0
BRDA:113,8,0,9
BRDA:113,8,1,0
BRDA:117,9,0,0
BRDA:117,9,1,0
BRDA:121,10,0,0
BRDA:121,10,1,0
BRDA:145,11,0,0
BRDA:145,11,1,0
BRDA:147,12,0,0
BRDA:147,12,1,0
BRDA:151,13,0,0
BRDA:151,13,1,0
BRDA:177,14,0,0
BRDA:177,14,1,0
BRDA:177,15,0,0
BRDA:177,15,1,0
BRDA:177,15,2,0
BRDA:179,16,0,0
BRDA:179,16,1,0
BRDA:188,17,0,0
BRDA:188,17,1,0
BRDA:190,18,0,0
BRDA:190,18,1,0
BRDA:194,19,0,0
BRDA:194,19,1,0
BRDA:207,20,0,0
BRDA:207,20,1,0
BRDA:234,21,0,0
BRDA:234,21,1,0
BRDA:236,22,0,0
BRDA:236,22,1,0
BRDA:240,23,0,0
BRDA:240,23,1,0
BRDA:266,24,0,0
BRDA:266,24,1,0
BRDA:266,25,0,0
BRDA:266,25,1,0
BRDA:266,25,2,0
BRDA:268,26,0,0
BRDA:268,26,1,0
BRDA:277,27,0,0
BRDA:277,27,1,0
BRDA:284,28,0,0
BRDA:284,28,1,0
BRF:62
BRH:6
end_of_record
TN:
SF:D:\data from C drive\Documents\user-registration-web-app\src\app\shared\commomModule.ts
FN:10,(anonymous_0)
FNF:1
FNH:1
FNDA:25,(anonymous_0)
DA:10,1
LF:1
LH:1
BRF:0
BRH:0
end_of_record
TN:
SF:D:\data from C drive\Documents\user-registration-web-app\src\app\shared\myDefaultSorterComponent.ts
FN:31,(anonymous_0)
FN:36,MyDefaultSorterComponent
FN:38,(anonymous_2)
FN:39,(anonymous_3)
FN:47,(anonymous_4)
FNF:5
FNH:3
FNDA:1,(anonymous_0)
FNDA:11,MyDefaultSorterComponent
FNDA:11,(anonymous_2)
FNDA:0,(anonymous_3)
FNDA:0,(anonymous_4)
DA:31,1
DA:32,1
DA:33,11
DA:34,11
DA:36,11
DA:38,11
DA:39,11
DA:40,0
DA:42,0
DA:47,1
DA:48,0
DA:49,0
DA:51,0
DA:54,1
LF:14
LH:9
BRDA:41,0,0,0
BRDA:41,0,1,0
BRDA:43,1,0,0
BRDA:43,1,1,0
BRDA:48,2,0,0
BRDA:48,2,1,0
BRF:6
BRH:0
end_of_record
TN:
SF:D:\data from C drive\Documents\user-registration-web-app\src\app\site-coordinator\site-coordinator-routing.module.ts
FN:63,(anonymous_0)
FNF:1
FNH:1
FNDA:25,(anonymous_0)
DA:17,1
DA:63,1
LF:2
LH:2
BRF:0
BRH:0
end_of_record
TN:
SF:D:\data from C drive\Documents\user-registration-web-app\src\app\site-coordinator\site-coordinator.component.ts
FN:10,(anonymous_0)
FN:16,SiteCoordinatorComponent
FN:17,(anonymous_2)
FN:19,(anonymous_3)
FN:24,(anonymous_4)
FN:29,(anonymous_5)
FN:36,(anonymous_6)
FNF:7
FNH:3
FNDA:1,(anonymous_0)
FNDA:1,SiteCoordinatorComponent
FNDA:1,(anonymous_2)
FNDA:0,(anonymous_3)
FNDA:0,(anonymous_4)
FNDA:0,(anonymous_5)
FNDA:0,(anonymous_6)
DA:10,1
DA:11,1
DA:12,1
DA:13,1
DA:15,1
DA:17,1
DA:19,1
DA:20,0
DA:24,1
DA:25,0
DA:26,0
DA:29,1
DA:30,0
DA:31,0
DA:32,0
DA:33,0
DA:34,0
DA:36,0
DA:37,0
DA:38,0
DA:39,0
DA:40,0
DA:41,0
DA:42,0
DA:43,0
DA:44,0
DA:45,0
DA:46,0
DA:49,0
DA:50,0
DA:51,0
DA:55,0
DA:56,0
DA:59,0
DA:60,0
DA:61,0
DA:64,1
LF:37
LH:10
BRDA:25,0,0,0
BRDA:25,0,1,0
BRDA:33,1,0,0
BRDA:33,1,1,0
BRDA:38,2,0,0
BRDA:38,2,1,0
BRDA:41,3,0,0
BRDA:41,3,1,0
BRDA:44,4,0,0
BRDA:44,4,1,0
BRDA:49,5,0,0
BRDA:49,5,1,0
BRDA:51,6,0,0
BRDA:51,6,1,0
BRDA:52,7,0,0
BRDA:52,7,1,0
BRDA:56,8,0,0
BRDA:56,8,1,0
BRDA:60,9,0,0
BRDA:60,9,1,0
BRF:20
BRH:0
end_of_record
TN:
SF:D:\data from C drive\Documents\user-registration-web-app\src\app\site-coordinator\site-coordinator.module.ts
FN:65,(anonymous_0)
FNF:1
FNH:1
FNDA:25,(anonymous_0)
DA:65,1
LF:1
LH:1
BRF:0
BRH:0
end_of_record
TN:
SF:D:\data from C drive\Documents\user-registration-web-app\src\app\site-coordinator\locations\location.service.ts
FN:6,(anonymous_0)
FN:8,LocationService
FN:9,(anonymous_2)
FN:16,(anonymous_3)
FN:23,(anonymous_4)
FN:31,(anonymous_5)
FN:39,(anonymous_6)
FNF:7
FNH:5
FNDA:1,(anonymous_0)
FNDA:11,LocationService
FNDA:6,(anonymous_2)
FNDA:1,(anonymous_3)
FNDA:0,(anonymous_4)
FNDA:0,(anonymous_5)
FNDA:7,(anonymous_6)
DA:6,1
DA:8,11
DA:9,1
DA:10,6
DA:11,6
DA:16,1
DA:17,1
DA:18,1
DA:23,1
DA:24,0
DA:25,0
DA:31,1
DA:32,0
DA:33,0
DA:39,1
DA:46,7
DA:48,1
LF:17
LH:13
BRF:0
BRH:0
end_of_record
TN:
SF:D:\data from C drive\Documents\user-registration-web-app\src\app\site-coordinator\locations\add-location\add-location.component.ts
FN:14,(anonymous_0)
FN:20,AddLocationComponent
FN:26,(anonymous_2)
FN:29,(anonymous_3)
FN:31,(anonymous_4)
FN:35,(anonymous_5)
FN:39,(anonymous_6)
FNF:7
FNH:3
FNDA:1,(anonymous_0)
FNDA:1,AddLocationComponent
FNDA:0,(anonymous_2)
FNDA:1,(anonymous_3)
FNDA:0,(anonymous_4)
FNDA:0,(anonymous_5)
FNDA:0,(anonymous_6)
DA:14,1
DA:15,1
DA:16,1
DA:17,1
DA:18,1
DA:21,1
DA:22,1
DA:23,1
DA:24,1
DA:26,1
DA:27,0
DA:29,1
DA:31,1
DA:32,0
DA:33,0
DA:34,0
DA:36,0
DA:40,0
DA:41,0
DA:46,1
LF:20
LH:13
BRF:0
BRH:0
end_of_record
TN:
SF:D:\data from C drive\Documents\user-registration-web-app\src\app\site-coordinator\locations\location-details\location-details.component.ts
FN:13,(anonymous_0)
FN:22,LocationDetailsComponent
FN:28,(anonymous_2)
FN:32,(anonymous_3)
FN:33,(anonymous_4)
FN:44,(anonymous_5)
FN:46,(anonymous_6)
FN:51,(anonymous_7)
FN:57,(anonymous_8)
FN:74,(anonymous_9)
FN:82,(anonymous_10)
FNF:11
FNH:5
FNDA:1,(anonymous_0)
FNDA:1,LocationDetailsComponent
FNDA:0,(anonymous_2)
FNDA:1,(anonymous_3)
FNDA:1,(anonymous_4)
FNDA:1,(anonymous_5)
FNDA:0,(anonymous_6)
FNDA:0,(anonymous_7)
FNDA:0,(anonymous_8)
FNDA:0,(anonymous_9)
FNDA:0,(anonymous_10)
DA:13,1
DA:14,1
DA:17,1
DA:18,1
DA:19,1
DA:20,1
DA:21,1
DA:23,1
DA:24,1
DA:25,1
DA:26,1
DA:28,1
DA:29,0
DA:32,1
DA:33,1
DA:34,1
DA:39,0
DA:40,1
DA:41,1
DA:44,1
DA:45,1
DA:47,0
DA:48,0
DA:49,0
DA:52,0
DA:53,0
DA:57,1
DA:58,0
DA:59,0
DA:60,0
DA:61,0
DA:62,0
DA:67,0
DA:71,0
DA:76,0
DA:77,0
DA:78,0
DA:79,0
DA:80,0
DA:83,0
DA:87,1
LF:41
LH:21
BRDA:34,0,0,0
BRDA:34,0,1,1
BRDA:35,1,0,1
BRDA:35,1,1,1
BRDA:35,1,2,1
BRDA:61,2,0,0
BRDA:61,2,1,0
BRDA:68,3,0,0
BRDA:68,3,1,0
BRF:9
BRH:4
end_of_record
TN:
SF:D:\data from C drive\Documents\user-registration-web-app\src\app\site-coordinator\locations\locations\locations.component.ts
FN:10,(anonymous_0)
FN:14,LocationsComponent
FN:19,(anonymous_2)
FN:22,(anonymous_3)
FN:26,(anonymous_4)
FN:30,(anonymous_5)
FN:37,(anonymous_6)
FN:40,(anonymous_7)
FN:44,(anonymous_8)
FN:47,(anonymous_9)
FNF:10
FNH:5
FNDA:1,(anonymous_0)
FNDA:12,LocationsComponent
FNDA:6,(anonymous_2)
FNDA:6,(anonymous_3)
FNDA:0,(anonymous_4)
FNDA:4,(anonymous_5)
FNDA:0,(anonymous_6)
FNDA:0,(anonymous_7)
FNDA:0,(anonymous_8)
FNDA:0,(anonymous_9)
DA:10,1
DA:11,12
DA:12,12
DA:13,12
DA:15,12
DA:16,12
DA:19,1
DA:20,6
DA:22,6
DA:23,6
DA:24,6
DA:25,6
DA:27,0
DA:28,0
DA:31,4
DA:32,4
DA:33,4
DA:37,1
DA:38,0
DA:40,1
DA:41,0
DA:44,1
DA:45,0
DA:46,0
DA:47,0
DA:48,0
DA:58,0
DA:61,1
LF:28
LH:19
BRDA:46,0,0,0
BRDA:46,0,1,0
BRDA:46,1,0,0
BRDA:46,1,1,0
BRDA:46,1,2,0
BRDA:49,2,0,0
BRDA:49,2,1,0
BRDA:49,2,2,0
BRDA:49,2,3,0
BRDA:49,2,4,0
BRDA:49,2,5,0
BRF:11
BRH:0
end_of_record
TN:
SF:D:\data from C drive\Documents\user-registration-web-app\src\app\site-coordinator\manageAccount\manage-account.service.ts
FN:8,(anonymous_0)
FN:11,ManageAccountService
FN:13,(anonymous_2)
FN:23,(anonymous_3)
FN:32,(anonymous_4)
FN:39,(anonymous_5)
FNF:6
FNH:3
FNDA:1,(anonymous_0)
FNDA:3,ManageAccountService
FNDA:1,(anonymous_2)
FNDA:0,(anonymous_3)
FNDA:0,(anonymous_4)
FNDA:0,(anonymous_5)
DA:8,1
DA:11,3
DA:13,1
DA:14,1
DA:18,1
DA:23,1
DA:24,0
DA:25,0
DA:32,1
DA:33,0
DA:39,1
DA:46,0
DA:48,1
LF:13
LH:9
BRF:0
BRH:0
end_of_record
TN:
SF:D:\data from C drive\Documents\user-registration-web-app\src\app\site-coordinator\manageAccount\forgot-password\forgot-password.component.ts
FN:8,(anonymous_0)
FN:9,ForgotPasswordComponent
FN:11,(anonymous_2)
FNF:3
FNH:3
FNDA:1,(anonymous_0)
FNDA:1,ForgotPasswordComponent
FNDA:1,(anonymous_2)
DA:8,1
DA:11,1
DA:12,1
LF:3
LH:3
BRF:0
BRH:0
end_of_record
TN:
SF:D:\data from C drive\Documents\user-registration-web-app\src\app\site-coordinator\manageAccount\login\login.component.ts
FN:8,(anonymous_0)
FN:9,LoginComponent
FN:11,(anonymous_2)
FN:12,(anonymous_3)
FNF:4
FNH:3
FNDA:1,(anonymous_0)
FNDA:1,LoginComponent
FNDA:1,(anonymous_2)
FNDA:0,(anonymous_3)
DA:8,1
DA:9,1
DA:11,1
DA:12,1
DA:13,0
DA:15,1
LF:6
LH:5
BRF:0
BRH:0
end_of_record
TN:
SF:D:\data from C drive\Documents\user-registration-web-app\src\app\site-coordinator\manageAccount\set-up-account\set-up-account.component.ts
FN:12,(anonymous_0)
FN:18,SetUpAccountComponent
FN:25,(anonymous_2)
FN:27,(anonymous_3)
FN:33,(anonymous_4)
FN:38,(anonymous_5)
FNF:6
FNH:3
FNDA:1,(anonymous_0)
FNDA:1,SetUpAccountComponent
FNDA:1,(anonymous_2)
FNDA:0,(anonymous_3)
FNDA:0,(anonymous_4)
FNDA:0,(anonymous_5)
DA:12,1
DA:13,1
DA:16,1
DA:19,1
DA:20,1
DA:21,1
DA:22,1
DA:25,1
DA:27,1
DA:28,0
DA:29,0
DA:31,0
DA:32,0
DA:34,0
DA:35,0
DA:39,0
DA:40,0
DA:46,1
LF:18
LH:10
BRDA:28,0,0,0
BRDA:28,0,1,0
BRF:2
BRH:0
end_of_record
TN:
SF:D:\data from C drive\Documents\user-registration-web-app\src\app\site-coordinator\manageAccount\user-profile\user-profile.component.ts
FN:13,(anonymous_0)
FN:21,UserProfileComponent
FN:27,(anonymous_2)
FN:37,(anonymous_3)
FN:39,(anonymous_4)
FN:44,(anonymous_5)
FN:49,(anonymous_6)
FN:54,(anonymous_7)
FN:57,(anonymous_8)
FNF:9
FNH:5
FNDA:1,(anonymous_0)
FNDA:1,UserProfileComponent
FNDA:1,(anonymous_2)
FNDA:1,(anonymous_3)
FNDA:0,(anonymous_4)
FNDA:1,(anonymous_5)
FNDA:0,(anonymous_6)
FNDA:0,(anonymous_7)
FNDA:0,(anonymous_8)
DA:13,1
DA:14,1
DA:15,1
DA:16,1
DA:17,1
DA:18,1
DA:19,1
DA:22,1
DA:23,1
DA:24,1
DA:27,1
DA:28,1
DA:29,1
DA:37,1
DA:38,1
DA:40,0
DA:41,0
DA:42,0
DA:45,1
DA:49,1
DA:50,0
DA:51,0
DA:53,0
DA:55,0
DA:58,0
DA:63,1
LF:26
LH:18
BRDA:50,0,0,0
BRDA:50,0,1,0
BRF:2
BRH:0
end_of_record
TN:
SF:D:\data from C drive\Documents\user-registration-web-app\src\app\site-coordinator\manageSites\manage-sites.service.ts
FN:7,(anonymous_0)
FN:11,ManageSitesService
FN:13,(anonymous_2)
FN:20,(anonymous_3)
FN:27,(anonymous_4)
FN:34,(anonymous_5)
FN:42,(anonymous_6)
FN:50,(anonymous_7)
FN:57,(anonymous_8)
FN:64,(anonymous_9)
FN:71,(anonymous_10)
FN:78,(anonymous_11)
FN:86,(anonymous_12)
FN:95,(anonymous_13)
FN:105,(anonymous_14)
FN:113,(anonymous_15)
FNF:16
FNH:8
FNDA:1,(anonymous_0)
FNDA:6,ManageSitesService
FNDA:1,(anonymous_2)
FNDA:0,(anonymous_3)
FNDA:0,(anonymous_4)
FNDA:0,(anonymous_5)
FNDA:0,(anonymous_6)
FNDA:1,(anonymous_7)
FNDA:1,(anonymous_8)
FNDA:1,(anonymous_9)
FNDA:1,(anonymous_10)
FNDA:0,(anonymous_11)
FNDA:0,(anonymous_12)
FNDA:0,(anonymous_13)
FNDA:0,(anonymous_14)
FNDA:5,(anonymous_15)
DA:7,1
DA:11,6
DA:13,1
DA:14,1
DA:15,1
DA:20,1
DA:21,0
DA:22,0
DA:27,1
DA:28,0
DA:29,0
DA:34,1
DA:35,0
DA:36,0
DA:42,1
DA:43,0
DA:44,0
DA:50,1
DA:51,1
DA:52,1
DA:57,1
DA:58,1
DA:59,1
DA:64,1
DA:65,1
DA:66,1
DA:71,1
DA:72,1
DA:73,1
DA:78,1
DA:79,0
DA:80,0
DA:86,1
DA:87,0
DA:88,0
DA:95,1
DA:96,0
DA:97,0
DA:98,0
DA:105,1
DA:106,0
DA:107,0
DA:113,1
DA:120,5
DA:122,1
LF:45
LH:28
BRF:0
BRH:0
end_of_record
TN:
SF:D:\data from C drive\Documents\user-registration-web-app\src\app\site-coordinator\manageSites\app-participants-list\app-participants-list.component.ts
FN:12,(anonymous_0)
FN:19,AppParticipantsListComponent
FN:26,(anonymous_2)
FN:33,(anonymous_3)
FN:34,(anonymous_4)
FN:44,(anonymous_5)
FN:48,(anonymous_6)
FN:50,(anonymous_7)
FN:56,(anonymous_8)
FN:63,(anonymous_9)
FN:67,(anonymous_10)
FN:71,(anonymous_11)
FNF:12
FNH:6
FNDA:1,(anonymous_0)
FNDA:1,AppParticipantsListComponent
FNDA:0,(anonymous_2)
FNDA:1,(anonymous_3)
FNDA:1,(anonymous_4)
FNDA:0,(anonymous_5)
FNDA:1,(anonymous_6)
FNDA:0,(anonymous_7)
FNDA:1,(anonymous_8)
FNDA:0,(anonymous_9)
FNDA:0,(anonymous_10)
FNDA:0,(anonymous_11)
DA:12,1
DA:13,1
DA:14,1
DA:15,1
DA:16,1
DA:18,1
DA:20,1
DA:21,1
DA:22,1
DA:23,1
DA:26,1
DA:27,0
DA:28,0
DA:29,0
DA:33,1
DA:34,1
DA:35,1
DA:40,0
DA:41,1
DA:44,1
DA:45,0
DA:48,1
DA:49,1
DA:51,0
DA:52,0
DA:57,1
DA:58,1
DA:63,1
DA:64,0
DA:67,1
DA:68,0
DA:69,0
DA:70,0
DA:72,0
DA:80,0
DA:83,1
LF:36
LH:23
BRDA:28,0,0,0
BRDA:28,0,1,0
BRDA:35,1,0,0
BRDA:35,1,1,1
BRDA:36,2,0,1
BRDA:36,2,1,1
BRDA:36,2,2,1
BRDA:69,3,0,0
BRDA:69,3,1,0
BRDA:69,4,0,0
BRDA:69,4,1,0
BRDA:69,4,2,0
BRDA:73,5,0,0
BRDA:73,5,1,0
BRDA:73,5,2,0
BRF:15
BRH:4
end_of_record
TN:
SF:D:\data from C drive\Documents\user-registration-web-app\src\app\site-coordinator\manageSites\dashboard\dashboard.component.ts
FN:22,(anonymous_0)
FN:37,DashboardComponent
FN:44,(anonymous_2)
FN:48,(anonymous_3)
FN:53,(anonymous_4)
FN:59,(anonymous_5)
FN:66,(anonymous_6)
FN:71,(anonymous_7)
FN:75,(anonymous_8)
FN:82,(anonymous_9)
FN:87,(anonymous_10)
FN:91,(anonymous_11)
FN:98,(anonymous_12)
FN:102,(anonymous_13)
FN:107,(anonymous_14)
FN:113,(anonymous_15)
FN:123,(anonymous_16)
FN:126,(anonymous_17)
FN:131,(anonymous_18)
FN:138,(anonymous_19)
FN:142,(anonymous_20)
FN:145,(anonymous_21)
FN:167,(anonymous_22)
FN:182,(anonymous_23)
FN:197,(anonymous_24)
FN:208,(anonymous_25)
FNF:26
FNH:5
FNDA:1,(anonymous_0)
FNDA:1,DashboardComponent
FNDA:1,(anonymous_2)
FNDA:1,(anonymous_3)
FNDA:0,(anonymous_4)
FNDA:1,(anonymous_5)
FNDA:0,(anonymous_6)
FNDA:0,(anonymous_7)
FNDA:0,(anonymous_8)
FNDA:0,(anonymous_9)
FNDA:0,(anonymous_10)
FNDA:0,(anonymous_11)
FNDA:0,(anonymous_12)
FNDA:0,(anonymous_13)
FNDA:0,(anonymous_14)
FNDA:0,(anonymous_15)
FNDA:0,(anonymous_16)
FNDA:0,(anonymous_17)
FNDA:0,(anonymous_18)
FNDA:0,(anonymous_19)
FNDA:0,(anonymous_20)
FNDA:0,(anonymous_21)
FNDA:0,(anonymous_22)
FNDA:0,(anonymous_23)
FNDA:0,(anonymous_24)
FNDA:0,(anonymous_25)
DA:22,1
DA:23,1
DA:25,1
DA:26,1
DA:27,1
DA:28,1
DA:29,1
DA:30,1
DA:31,1
DA:32,1
DA:33,1
DA:34,1
DA:35,1
DA:36,1
DA:38,1
DA:39,1
DA:40,1
DA:41,1
DA:42,1
DA:44,1
DA:45,1
DA:48,1
DA:49,1
DA:50,1
DA:51,1
DA:52,1
DA:54,0
DA:55,0
DA:60,1
DA:61,1
DA:62,1
DA:66,1
DA:67,0
DA:68,0
DA:69,0
DA:70,0
DA:72,0
DA:73,0
DA:76,0
DA:77,0
DA:78,0
DA:82,1
DA:83,0
DA:84,0
DA:85,0
DA:86,0
DA:88,0
DA:89,0
DA:92,0
DA:93,0
DA:94,0
DA:98,1
DA:99,0
DA:100,0
DA:101,0
DA:103,0
DA:104,0
DA:105,0
DA:108,0
DA:109,0
DA:113,1
DA:114,0
DA:115,0
DA:116,0
DA:117,0
DA:118,0
DA:119,0
DA:120,0
DA:123,1
DA:124,0
DA:125,0
DA:127,0
DA:128,0
DA:129,0
DA:132,0
DA:133,0
DA:138,1
DA:139,0
DA:140,0
DA:141,0
DA:142,0
DA:145,0
DA:146,0
DA:163,0
DA:165,0
DA:166,0
DA:167,0
DA:168,0
DA:178,0
DA:180,0
DA:181,0
DA:182,0
DA:183,0
DA:193,0
DA:197,1
DA:198,0
DA:199,0
DA:200,0
DA:201,0
DA:202,0
DA:203,0
DA:204,0
DA:205,0
DA:208,1
DA:209,0
DA:210,0
DA:211,0
DA:212,0
DA:213,0
DA:214,0
DA:217,1
LF:111
LH:38
BRDA:116,0,0,0
BRDA:116,0,1,0
BRDA:116,1,0,0
BRDA:116,1,1,0
BRDA:140,2,0,0
BRDA:140,2,1,0
BRDA:141,3,0,0
BRDA:141,3,1,0
BRDA:141,4,0,0
BRDA:141,4,1,0
BRDA:141,4,2,0
BRDA:147,5,0,0
BRDA:147,5,1,0
BRDA:147,5,2,0
BRDA:147,5,3,0
BRDA:147,5,4,0
BRDA:147,5,5,0
BRDA:147,5,6,0
BRDA:147,5,7,0
BRDA:147,5,8,0
BRDA:147,5,9,0
BRDA:147,5,10,0
BRDA:147,5,11,0
BRDA:165,6,0,0
BRDA:165,6,1,0
BRDA:166,7,0,0
BRDA:166,7,1,0
BRDA:166,8,0,0
BRDA:166,8,1,0
BRDA:166,8,2,0
BRDA:169,9,0,0
BRDA:169,9,1,0
BRDA:169,9,2,0
BRDA:169,9,3,0
BRDA:169,9,4,0
BRDA:169,9,5,0
BRDA:180,10,0,0
BRDA:180,10,1,0
BRDA:181,11,0,0
BRDA:181,11,1,0
BRDA:181,12,0,0
BRDA:181,12,1,0
BRDA:181,12,2,0
BRDA:184,13,0,0
BRDA:184,13,1,0
BRDA:184,13,2,0
BRDA:184,13,3,0
BRDA:184,13,4,0
BRDA:184,13,5,0
BRDA:200,14,0,0
BRDA:200,14,1,0
BRDA:202,15,0,0
BRDA:202,15,1,0
BRDA:204,16,0,0
BRDA:204,16,1,0
BRDA:209,17,0,0
BRDA:209,17,1,0
BRDA:211,18,0,0
BRDA:211,18,1,0
BRDA:213,19,0,0
BRDA:213,19,1,0
BRF:61
BRH:0
end_of_record
TN:
SF:D:\data from C drive\Documents\user-registration-web-app\src\app\site-coordinator\manageSites\participant-details\participant-details.component.ts
FN:13,(anonymous_0)
FN:17,ParticipantDetailsComponent
FN:24,(anonymous_2)
FN:25,(anonymous_3)
FN:36,(anonymous_4)
FN:40,(anonymous_5)
FN:52,(anonymous_6)
FN:56,(anonymous_7)
FN:63,(anonymous_8)
FN:71,(anonymous_9)
FN:86,(anonymous_10)
FN:89,(anonymous_11)
FN:99,(anonymous_12)
FN:103,(anonymous_13)
FN:109,(anonymous_14)
FN:119,(anonymous_15)
FN:123,(anonymous_16)
FNF:17
FNH:6
FNDA:1,(anonymous_0)
FNDA:1,ParticipantDetailsComponent
FNDA:1,(anonymous_2)
FNDA:1,(anonymous_3)
FNDA:0,(anonymous_4)
FNDA:0,(anonymous_5)
FNDA:1,(anonymous_6)
FNDA:0,(anonymous_7)
FNDA:1,(anonymous_8)
FNDA:0,(anonymous_9)
FNDA:0,(anonymous_10)
FNDA:0,(anonymous_11)
FNDA:0,(anonymous_12)
FNDA:0,(anonymous_13)
FNDA:0,(anonymous_14)
FNDA:0,(anonymous_15)
FNDA:0,(anonymous_16)
DA:13,1
DA:14,1
DA:15,1
DA:16,1
DA:18,1
DA:19,1
DA:20,1
DA:21,1
DA:24,1
DA:25,1
DA:26,1
DA:31,0
DA:32,1
DA:36,1
DA:37,0
DA:38,0
DA:39,0
DA:41,0
DA:49,0
DA:52,1
DA:53,1
DA:57,0
DA:58,0
DA:59,0
DA:64,1
DA:65,1
DA:66,1
DA:71,1
DA:72,0
DA:73,0
DA:74,0
DA:76,0
DA:78,0
DA:79,0
DA:81,0
DA:82,0
DA:83,0
DA:86,1
DA:87,0
DA:89,1
DA:91,0
DA:92,0
DA:95,0
DA:96,0
DA:100,0
DA:101,0
DA:104,0
DA:109,1
DA:111,0
DA:112,0
DA:116,0
DA:120,0
DA:121,0
DA:124,0
DA:128,1
LF:55
LH:23
BRDA:26,0,0,0
BRDA:26,0,1,1
BRDA:27,1,0,1
BRDA:27,1,1,1
BRDA:27,1,2,1
BRDA:38,2,0,0
BRDA:38,2,1,0
BRDA:38,3,0,0
BRDA:38,3,1,0
BRDA:38,3,2,0
BRDA:42,4,0,0
BRDA:42,4,1,0
BRDA:42,4,2,0
BRDA:111,5,0,0
BRDA:111,5,1,0
BRF:15
BRH:4
end_of_record
TN:
SF:D:\data from C drive\Documents\user-registration-web-app\src\app\site-coordinator\manageSites\site-participants-list\site-participants-list.component.ts
FN:21,(anonymous_0)
FN:41,SiteParticipantsListComponent
FN:50,(anonymous_2)
FN:56,(anonymous_3)
FN:62,(anonymous_4)
FN:63,(anonymous_5)
FN:74,(anonymous_6)
FN:77,(anonymous_7)
FN:80,(anonymous_8)
FN:86,(anonymous_9)
FN:95,(anonymous_10)
FN:101,(anonymous_11)
FN:110,(anonymous_12)
FN:118,(anonymous_13)
FN:126,(anonymous_14)
FN:130,(anonymous_15)
FN:142,(anonymous_16)
FN:148,(anonymous_17)
FN:152,(anonymous_18)
FN:154,(anonymous_19)
FN:166,(anonymous_20)
FN:181,(anonymous_21)
FN:185,(anonymous_22)
FN:189,(anonymous_23)
FN:197,(anonymous_24)
FN:215,(anonymous_25)
FN:217,(anonymous_26)
FN:221,(anonymous_27)
FN:226,(anonymous_28)
FN:228,(anonymous_29)
FN:231,(anonymous_30)
FN:245,(anonymous_31)
FN:254,(anonymous_32)
FN:270,(anonymous_33)
FN:274,(anonymous_34)
FN:277,(anonymous_35)
FN:290,(anonymous_36)
FN:296,(anonymous_37)
FNF:38
FNH:5
FNDA:1,(anonymous_0)
FNDA:1,SiteParticipantsListComponent
FNDA:0,(anonymous_2)
FNDA:0,(anonymous_3)
FNDA:1,(anonymous_4)
FNDA:1,(anonymous_5)
FNDA:0,(anonymous_6)
FNDA:0,(anonymous_7)
FNDA:1,(anonymous_8)
FNDA:0,(anonymous_9)
FNDA:0,(anonymous_10)
FNDA:0,(anonymous_11)
FNDA:0,(anonymous_12)
FNDA:0,(anonymous_13)
FNDA:0,(anonymous_14)
FNDA:0,(anonymous_15)
FNDA:0,(anonymous_16)
FNDA:0,(anonymous_17)
FNDA:0,(anonymous_18)
FNDA:0,(anonymous_19)
FNDA:0,(anonymous_20)
FNDA:0,(anonymous_21)
FNDA:0,(anonymous_22)
FNDA:0,(anonymous_23)
FNDA:0,(anonymous_24)
FNDA:0,(anonymous_25)
FNDA:0,(anonymous_26)
FNDA:0,(anonymous_27)
FNDA:0,(anonymous_28)
FNDA:0,(anonymous_29)
FNDA:0,(anonymous_30)
FNDA:0,(anonymous_31)
FNDA:0,(anonymous_32)
FNDA:0,(anonymous_33)
FNDA:0,(anonymous_34)
FNDA:0,(anonymous_35)
FNDA:0,(anonymous_36)
FNDA:0,(anonymous_37)
DA:21,1
DA:22,1
DA:24,1
DA:26,1
DA:27,1
DA:28,1
DA:30,1
DA:31,1
DA:32,1
DA:33,1
DA:35,1
DA:38,1
DA:42,1
DA:43,1
DA:44,1
DA:45,1
DA:46,1
DA:47,1
DA:50,1
DA:52,0
DA:53,0
DA:54,0
DA:56,1
DA:58,0
DA:59,0
DA:60,0
DA:62,1
DA:63,1
DA:64,1
DA:69,0
DA:70,1
DA:74,1
DA:75,0
DA:77,1
DA:78,0
DA:80,1
DA:81,1
DA:82,1
DA:83,1
DA:87,0
DA:88,0
DA:89,0
DA:92,0
DA:96,0
DA:97,0
DA:101,1
DA:102,0
DA:103,0
DA:104,0
DA:107,0
DA:111,0
DA:112,0
DA:113,0
DA:114,0
DA:115,0
DA:116,0
DA:119,0
DA:120,0
DA:121,0
DA:122,0
DA:126,1
DA:127,0
DA:128,0
DA:129,0
DA:131,0
DA:139,0
DA:142,1
DA:143,0
DA:144,0
DA:145,0
DA:148,1
DA:149,0
DA:152,1
DA:153,0
DA:154,0
DA:156,0
DA:157,0
DA:161,0
DA:163,0
DA:166,1
DA:167,0
DA:168,0
DA:169,0
DA:170,0
DA:175,0
DA:176,0
DA:177,0
DA:181,1
DA:182,0
DA:183,0
DA:185,1
DA:186,0
DA:187,0
DA:188,0
DA:190,0
DA:191,0
DA:192,0
DA:193,0
DA:194,0
DA:195,0
DA:198,0
DA:199,0
DA:201,0
DA:207,0
DA:209,0
DA:210,0
DA:211,0
DA:215,1
DA:216,0
DA:218,0
DA:219,0
DA:222,0
DA:226,1
DA:227,0
DA:228,0
DA:230,0
DA:231,0
DA:232,0
DA:234,0
DA:238,0
DA:239,0
DA:240,0
DA:242,0
DA:246,0
DA:247,0
DA:248,0
DA:250,0
DA:252,0
DA:255,0
DA:260,0
DA:261,0
DA:263,0
DA:270,1
DA:271,0
DA:273,0
DA:274,0
DA:276,0
DA:277,0
DA:278,0
DA:280,0
DA:283,0
DA:284,0
DA:285,0
DA:287,0
DA:291,0
DA:292,0
DA:293,0
DA:294,0
DA:297,0
DA:298,0
DA:303,0
DA:308,1
LF:152
LH:42
BRDA:64,0,0,0
BRDA:64,0,1,1
BRDA:65,1,0,1
BRDA:65,1,1,1
BRDA:65,1,2,1
BRDA:128,2,0,0
BRDA:128,2,1,0
BRDA:128,3,0,0
BRDA:128,3,1,0
BRDA:128,3,2,0
BRDA:132,4,0,0
BRDA:132,4,1,0
BRDA:132,4,2,0
BRDA:157,5,0,0
BRDA:157,5,1,0
BRDA:167,6,0,0
BRDA:167,6,1,0
BRDA:198,7,0,0
BRDA:198,7,1,0
BRDA:238,8,0,0
BRDA:238,8,1,0
BRDA:239,9,0,0
BRDA:239,9,1,0
BRDA:247,10,0,0
BRDA:247,10,1,0
BRDA:260,11,0,0
BRDA:260,11,1,0
BRDA:283,12,0,0
BRDA:283,12,1,0
BRDA:284,13,0,0
BRDA:284,13,1,0
BRF:31
BRH:4
end_of_record
TN:
SF:D:\data from C drive\Documents\user-registration-web-app\src\app\site-coordinator\manageSites\study-participants-list\study-participants-list.component.ts
FN:11,(anonymous_0)
FN:15,StudyParticipantsListComponent
FN:21,(anonymous_2)
FN:22,(anonymous_3)
FN:33,(anonymous_4)
FN:37,(anonymous_5)
FN:44,(anonymous_6)
FN:51,(anonymous_7)
FN:55,(anonymous_8)
FN:59,(anonymous_9)
FNF:10
FNH:5
FNDA:1,(anonymous_0)
FNDA:1,StudyParticipantsListComponent
FNDA:1,(anonymous_2)
FNDA:1,(anonymous_3)
FNDA:1,(anonymous_4)
FNDA:0,(anonymous_5)
FNDA:0,(anonymous_6)
FNDA:0,(anonymous_7)
FNDA:0,(anonymous_8)
FNDA:0,(anonymous_9)
DA:11,1
DA:12,1
DA:13,1
DA:14,1
DA:16,1
DA:17,1
DA:18,1
DA:21,1
DA:22,1
DA:23,1
DA:28,0
DA:29,1
DA:33,1
DA:34,1
DA:38,0
DA:39,0
DA:40,0
DA:45,0
DA:46,0
DA:51,1
DA:52,0
DA:55,1
DA:56,0
DA:57,0
DA:58,0
DA:60,0
DA:71,0
DA:74,1
LF:28
LH:16
BRDA:23,0,0,0
BRDA:23,0,1,1
BRDA:24,1,0,1
BRDA:24,1,1,1
BRDA:24,1,2,1
BRDA:57,2,0,0
BRDA:57,2,1,0
BRDA:57,3,0,0
BRDA:57,3,1,0
BRDA:57,3,2,0
BRDA:61,4,0,0
BRDA:61,4,1,0
BRDA:61,4,2,0
BRDA:61,4,3,0
BRDA:61,4,4,0
BRDA:61,4,5,0
BRF:16
BRH:4
end_of_record
TN:
SF:D:\data from C drive\Documents\user-registration-web-app\src\app\site-coordinator\manageUsers\manage-users.service.ts
FN:7,(anonymous_0)
FN:10,ManageUsersService
FN:11,(anonymous_2)
FN:18,(anonymous_3)
FNF:4
FNH:4
FNDA:1,(anonymous_0)
FNDA:2,ManageUsersService
FNDA:1,(anonymous_2)
FNDA:1,(anonymous_3)
DA:7,1
DA:10,2
DA:11,1
DA:12,1
DA:13,1
DA:18,1
DA:25,1
DA:27,1
LF:8
LH:8
BRF:0
BRH:0
end_of_record
TN:
SF:D:\data from C drive\Documents\user-registration-web-app\src\app\site-coordinator\manageUsers\add-new-user\add-new-user.component.ts
FN:9,(anonymous_0)
FN:10,AddNewUserComponent
FN:16,(anonymous_2)
FN:19,(anonymous_3)
FN:23,(anonymous_4)
FN:28,(anonymous_5)
FN:35,(anonymous_6)
FN:38,(anonymous_7)
FN:40,(anonymous_8)
FN:43,(anonymous_9)
FN:46,(anonymous_10)
FN:53,(anonymous_11)
FN:57,(anonymous_12)
FN:64,(anonymous_13)
FN:67,(anonymous_14)
FN:69,(anonymous_15)
FN:74,(anonymous_16)
FN:81,(anonymous_17)
FN:87,(anonymous_18)
FN:89,(anonymous_19)
FN:93,(anonymous_20)
FN:103,(anonymous_21)
FN:110,(anonymous_22)
FNF:23
FNH:5
FNDA:1,(anonymous_0)
FNDA:1,AddNewUserComponent
FNDA:1,(anonymous_2)
FNDA:1,(anonymous_3)
FNDA:0,(anonymous_4)
FNDA:1,(anonymous_5)
FNDA:0,(anonymous_6)
FNDA:0,(anonymous_7)
FNDA:0,(anonymous_8)
FNDA:0,(anonymous_9)
FNDA:0,(anonymous_10)
FNDA:0,(anonymous_11)
FNDA:0,(anonymous_12)
FNDA:0,(anonymous_13)
FNDA:0,(anonymous_14)
FNDA:0,(anonymous_15)
FNDA:0,(anonymous_16)
FNDA:0,(anonymous_17)
FNDA:0,(anonymous_18)
FNDA:0,(anonymous_19)
FNDA:0,(anonymous_20)
FNDA:0,(anonymous_21)
FNDA:0,(anonymous_22)
DA:9,1
DA:10,1
DA:11,1
DA:12,1
DA:13,1
DA:14,1
DA:16,1
DA:17,1
DA:19,1
DA:20,1
DA:21,1
DA:22,1
DA:24,0
DA:25,0
DA:26,0
DA:29,1
DA:30,1
DA:35,1
DA:36,0
DA:38,1
DA:39,0
DA:40,0
DA:43,0
DA:44,0
DA:46,1
DA:47,0
DA:48,0
DA:49,0
DA:51,0
DA:53,0
DA:54,0
DA:55,0
DA:56,0
DA:57,0
DA:58,0
DA:59,0
DA:60,0
DA:64,1
DA:65,0
DA:66,0
DA:67,0
DA:68,0
DA:69,0
DA:70,0
DA:74,1
DA:75,0
DA:76,0
DA:77,0
DA:79,0
DA:81,0
DA:82,0
DA:83,0
DA:84,0
DA:87,1
DA:88,0
DA:89,0
DA:90,0
DA:93,1
DA:94,0
DA:95,0
DA:96,0
DA:98,0
DA:100,0
DA:101,0
DA:103,1
DA:104,0
DA:105,0
DA:107,0
DA:110,1
DA:111,0
DA:113,0
DA:116,0
DA:120,0
DA:121,0
DA:123,0
DA:126,0
DA:131,1
LF:77
LH:24
BRDA:48,0,0,0
BRDA:48,0,1,0
BRDA:55,1,0,0
BRDA:55,1,1,0
BRDA:56,2,0,0
BRDA:56,2,1,0
BRDA:59,3,0,0
BRDA:59,3,1,0
BRDA:60,4,0,0
BRDA:60,4,1,0
BRDA:76,5,0,0
BRDA:76,5,1,0
BRDA:83,6,0,0
BRDA:83,6,1,0
BRDA:84,7,0,0
BRDA:84,7,1,0
BRDA:95,8,0,0
BRDA:95,8,1,0
BRDA:100,9,0,0
BRDA:100,9,1,0
BRDA:101,10,0,0
BRDA:101,10,1,0
BRDA:104,11,0,0
BRDA:104,11,1,0
BRDA:116,12,0,0
BRDA:116,12,1,0
BRDA:117,13,0,0
BRDA:117,13,1,0
BRDA:117,13,2,0
BRDA:120,14,0,0
BRDA:120,14,1,0
BRF:31
BRH:0
end_of_record
TN:
SF:D:\data from C drive\Documents\user-registration-web-app\src\app\site-coordinator\manageUsers\manage-users\manage-users.component.ts
FN:8,(anonymous_0)
FN:9,ManageUsersComponent
FN:11,(anonymous_2)
FNF:3
FNH:3
FNDA:1,(anonymous_0)
FNDA:1,ManageUsersComponent
FNDA:1,(anonymous_2)
DA:8,1
DA:11,1
DA:12,1
LF:3
LH:3
BRF:0
BRH:0
end_of_record
TN:
SF:D:\data from C drive\Documents\user-registration-web-app\src\app\site-coordinator\manageUsers\update-user\update-user.component.ts
FN:8,(anonymous_0)
FN:10,UpdateUserComponent
FN:12,(anonymous_2)
FNF:3
FNH:1
FNDA:1,(anonymous_0)
FNDA:0,UpdateUserComponent
FNDA:0,(anonymous_2)
DA:8,1
DA:12,1
DA:13,1
LF:3
LH:3
BRF:0
BRH:0
end_of_record
TN:
SF:D:\data from C drive\Documents\user-registration-web-app\src\app\site-coordinator\manageUsers\user-details\user-details.component.ts
FN:8,(anonymous_0)
FN:9,UserDetailsComponent
FN:11,(anonymous_2)
FN:12,(anonymous_3)
FNF:4
FNH:3
FNDA:1,(anonymous_0)
FNDA:1,UserDetailsComponent
FNDA:1,(anonymous_2)
FNDA:0,(anonymous_3)
DA:8,1
DA:11,1
DA:12,1
DA:13,1
LF:4
LH:4
BRF:0
BRH:0
end_of_record
